# JRE version: Java(TM) SE Runtime Environment (8.0_91-b14) (build 1.8.0_91-b14)
# Java VM: Java HotSpot(TM) 64-Bit Server VM (25.91-b14 mixed mode linux-amd64 compressed oops)
Heap:
 PSYoungGen      total 353280K, used 5408K [0x00000000d9100000, 0x00000000f0000000, 0x0000000100000000)
  eden space 339456K, 0% used [0x00000000d9100000,0x00000000d9100000,0x00000000edc80000)
  from space 13824K, 39% used [0x00000000edc80000,0x00000000ee1c8000,0x00000000eea00000)
  to   space 9728K, 0% used [0x00000000eea00000,0x00000000eea00000,0x00000000ef380000)
 ParOldGen       total 49664K, used 29657K [0x000000008b200000, 0x000000008e280000, 0x00000000d9100000)
  object space 49664K, 59% used [0x000000008b200000,0x000000008cef64f0,0x000000008e280000)
 Metaspace       used 23798K, capacity 30435K, committed 30720K, reserved 1073152K
  class space    used 5634K, capacity 7578K, committed 7680K, reserved 1048576K
GC Heap History (10 events):
Event: 4.512 GC heap after
Heap after GC invocations=7 (full 0):
 PSYoungGen      total 129024K, used 3532K [0x00000000d9100000, 0x00000000e8e00000, 0x0000000100000000)
  eden space 122880K, 0% used [0x00000000d9100000,0x00000000d9100000,0x00000000e0900000)
  from space 6144K, 57% used [0x00000000e0900000,0x00000000e0c73300,0x00000000e0f00000)
  to   space 6656K, 0% used [0x00000000e8780000,0x00000000e8780000,0x00000000e8e00000)
 ParOldGen       total 80896K, used 5042K [0x000000008b200000, 0x0000000090100000, 0x00000000d9100000)
  object space 80896K, 6% used [0x000000008b200000,0x000000008b6ec8a0,0x0000000090100000)
 Metaspace       used 17046K, capacity 20099K, committed 20352K, reserved 1064960K
  class space    used 3979K, capacity 4981K, committed 4992K, reserved 1048576K
}
Event: 4.860 GC heap before
{Heap before GC invocations=8 (full 0):
 PSYoungGen      total 129024K, used 45259K [0x00000000d9100000, 0x00000000e8e00000, 0x0000000100000000)
  eden space 122880K, 33% used [0x00000000d9100000,0x00000000db9bfa28,0x00000000e0900000)
  from space 6144K, 57% used [0x00000000e0900000,0x00000000e0c73300,0x00000000e0f00000)
  to   space 6656K, 0% used [0x00000000e8780000,0x00000000e8780000,0x00000000e8e00000)
 ParOldGen       total 80896K, used 5042K [0x000000008b200000, 0x0000000090100000, 0x00000000d9100000)
  object space 80896K, 6% used [0x000000008b200000,0x000000008b6ec8a0,0x0000000090100000)
 Metaspace       used 17936K, capacity 21251K, committed 21296K, reserved 1064960K
  class space    used 4140K, capacity 5221K, committed 5248K, reserved 1048576K
Event: 4.875 GC heap after
Heap after GC invocations=8 (full 0):
 PSYoungGen      total 252416K, used 2639K [0x00000000d9100000, 0x00000000e8e00000, 0x0000000100000000)
  eden space 245760K, 0% used [0x00000000d9100000,0x00000000d9100000,0x00000000e8100000)
  from space 6656K, 39% used [0x00000000e8780000,0x00000000e8a13f10,0x00000000e8e00000)
  to   space 6656K, 0% used [0x00000000e8100000,0x00000000e8100000,0x00000000e8780000)
 ParOldGen       total 80896K, used 6497K [0x000000008b200000, 0x0000000090100000, 0x00000000d9100000)
  object space 80896K, 8% used [0x000000008b200000,0x000000008b8587b0,0x0000000090100000)
 Metaspace       used 17936K, capacity 21251K, committed 21296K, reserved 1064960K
  class space    used 4140K, capacity 5221K, committed 5248K, reserved 1048576K
}
Event: 4.875 GC heap before
{Heap before GC invocations=9 (full 1):
 PSYoungGen      total 252416K, used 2639K [0x00000000d9100000, 0x00000000e8e00000, 0x0000000100000000)
  eden space 245760K, 0% used [0x00000000d9100000,0x00000000d9100000,0x00000000e8100000)
  from space 6656K, 39% used [0x00000000e8780000,0x00000000e8a13f10,0x00000000e8e00000)
  to   space 6656K, 0% used [0x00000000e8100000,0x00000000e8100000,0x00000000e8780000)
 ParOldGen       total 80896K, used 6497K [0x000000008b200000, 0x0000000090100000, 0x00000000d9100000)
  object space 80896K, 8% used [0x000000008b200000,0x000000008b8587b0,0x0000000090100000)
 Metaspace       used 17936K, capacity 21251K, committed 21296K, reserved 1064960K
  class space    used 4140K, capacity 5221K, committed 5248K, reserved 1048576K
Event: 4.944 GC heap after
Heap after GC invocations=9 (full 1):
 PSYoungGen      total 252416K, used 0K [0x00000000d9100000, 0x00000000e8e00000, 0x0000000100000000)
  eden space 245760K, 0% used [0x00000000d9100000,0x00000000d9100000,0x00000000e8100000)
  from space 6656K, 0% used [0x00000000e8780000,0x00000000e8780000,0x00000000e8e00000)
  to   space 6656K, 0% used [0x00000000e8100000,0x00000000e8100000,0x00000000e8780000)
 ParOldGen       total 49664K, used 7309K [0x000000008b200000, 0x000000008e280000, 0x00000000d9100000)
  object space 49664K, 14% used [0x000000008b200000,0x000000008b923480,0x000000008e280000)
 Metaspace       used 17936K, capacity 21251K, committed 21296K, reserved 1064960K
  class space    used 4140K, capacity 5221K, committed 5248K, reserved 1048576K
}
Event: 7.755 GC heap before
{Heap before GC invocations=10 (full 1):
 PSYoungGen      total 252416K, used 245760K [0x00000000d9100000, 0x00000000e8e00000, 0x0000000100000000)
  eden space 245760K, 100% used [0x00000000d9100000,0x00000000e8100000,0x00000000e8100000)
  from space 6656K, 0% used [0x00000000e8780000,0x00000000e8780000,0x00000000e8e00000)
  to   space 6656K, 0% used [0x00000000e8100000,0x00000000e8100000,0x00000000e8780000)
 ParOldGen       total 49664K, used 7309K [0x000000008b200000, 0x000000008e280000, 0x00000000d9100000)
  object space 49664K, 14% used [0x000000008b200000,0x000000008b923480,0x000000008e280000)
 Metaspace       used 23597K, capacity 30161K, committed 30336K, reserved 1073152K
  class space    used 5606K, capacity 7543K, committed 7552K, reserved 1048576K
Event: 7.786 GC heap after
Heap after GC invocations=10 (full 1):
 PSYoungGen      total 252416K, used 6624K [0x00000000d9100000, 0x00000000ef380000, 0x0000000100000000)
  eden space 245760K, 0% used [0x00000000d9100000,0x00000000d9100000,0x00000000e8100000)
  from space 6656K, 99% used [0x00000000e8100000,0x00000000e8778020,0x00000000e8780000)
  to   space 9728K, 0% used [0x00000000eea00000,0x00000000eea00000,0x00000000ef380000)
 ParOldGen       total 49664K, used 12577K [0x000000008b200000, 0x000000008e280000, 0x00000000d9100000)
  object space 49664K, 25% used [0x000000008b200000,0x000000008be484d0,0x000000008e280000)
 Metaspace       used 23597K, capacity 30161K, committed 30336K, reserved 1073152K
  class space    used 5606K, capacity 7543K, committed 7552K, reserved 1048576K
}
Event: 8.812 GC heap before
{Heap before GC invocations=11 (full 1):
 PSYoungGen      total 252416K, used 252384K [0x00000000d9100000, 0x00000000ef380000, 0x0000000100000000)
  eden space 245760K, 100% used [0x00000000d9100000,0x00000000e8100000,0x00000000e8100000)
  from space 6656K, 99% used [0x00000000e8100000,0x00000000e8778020,0x00000000e8780000)
  to   space 9728K, 0% used [0x00000000eea00000,0x00000000eea00000,0x00000000ef380000)
 ParOldGen       total 49664K, used 12577K [0x000000008b200000, 0x000000008e280000, 0x00000000d9100000)
  object space 49664K, 25% used [0x000000008b200000,0x000000008be484d0,0x000000008e280000)
 Metaspace       used 23619K, capacity 30173K, committed 30336K, reserved 1073152K
  class space    used 5607K, capacity 7543K, committed 7552K, reserved 1048576K
Event: 8.858 GC heap after
Heap after GC invocations=11 (full 1):
 PSYoungGen      total 349184K, used 9712K [0x00000000d9100000, 0x00000000f0000000, 0x0000000100000000)
  eden space 339456K, 0% used [0x00000000d9100000,0x00000000d9100000,0x00000000edc80000)
  from space 9728K, 99% used [0x00000000eea00000,0x00000000ef37c010,0x00000000ef380000)
  to   space 13824K, 0% used [0x00000000edc80000,0x00000000edc80000,0x00000000eea00000)
 ParOldGen       total 49664K, used 20329K [0x000000008b200000, 0x000000008e280000, 0x00000000d9100000)
  object space 49664K, 40% used [0x000000008b200000,0x000000008c5da4d0,0x000000008e280000)
 Metaspace       used 23619K, capacity 30173K, committed 30336K, reserved 1073152K
  class space    used 5607K, capacity 7543K, committed 7552K, reserved 1048576K
}
Event: 389.948 GC heap before
{Heap before GC invocations=12 (full 1):
 PSYoungGen      total 349184K, used 349168K [0x00000000d9100000, 0x00000000f0000000, 0x0000000100000000)
  eden space 339456K, 100% used [0x00000000d9100000,0x00000000edc80000,0x00000000edc80000)
  from space 9728K, 99% used [0x00000000eea00000,0x00000000ef37c010,0x00000000ef380000)
  to   space 13824K, 0% used [0x00000000edc80000,0x00000000edc80000,0x00000000eea00000)
 ParOldGen       total 49664K, used 20329K [0x000000008b200000, 0x000000008e280000, 0x00000000d9100000)
  object space 49664K, 40% used [0x000000008b200000,0x000000008c5da4d0,0x000000008e280000)
 Metaspace       used 23798K, capacity 30435K, committed 30720K, reserved 1073152K
  class space    used 5634K, capacity 7578K, committed 7680K, reserved 1048576K

